

Started GET "/" for 127.0.0.1 at 2014-08-04 09:24:47 -0300
Processing by Rails::WelcomeController#index as HTML
  Rendered /home/alessandrostein/.rvm/gems/ruby-2.1.2/gems/railties-4.1.4/lib/rails/templates/rails/welcome/index.html.erb (1.7ms)
Completed 200 OK in 15ms (Views: 7.1ms)


Started GET "/salesforce-integrate" for 127.0.0.1 at 2014-08-04 09:25:10 -0300

ActionController::RoutingError (No route matches [GET] "/salesforce-integrate"):
  actionpack (4.1.4) lib/action_dispatch/middleware/debug_exceptions.rb:21:in `call'
  actionpack (4.1.4) lib/action_dispatch/middleware/show_exceptions.rb:30:in `call'
  railties (4.1.4) lib/rails/rack/logger.rb:38:in `call_app'
  railties (4.1.4) lib/rails/rack/logger.rb:20:in `block in call'
  activesupport (4.1.4) lib/active_support/tagged_logging.rb:68:in `block in tagged'
  activesupport (4.1.4) lib/active_support/tagged_logging.rb:26:in `tagged'
  activesupport (4.1.4) lib/active_support/tagged_logging.rb:68:in `tagged'
  railties (4.1.4) lib/rails/rack/logger.rb:20:in `call'
  actionpack (4.1.4) lib/action_dispatch/middleware/request_id.rb:21:in `call'
  rack (1.5.2) lib/rack/methodoverride.rb:21:in `call'
  rack (1.5.2) lib/rack/runtime.rb:17:in `call'
  activesupport (4.1.4) lib/active_support/cache/strategy/local_cache_middleware.rb:26:in `call'
  rack (1.5.2) lib/rack/lock.rb:17:in `call'
  actionpack (4.1.4) lib/action_dispatch/middleware/static.rb:64:in `call'
  rack (1.5.2) lib/rack/sendfile.rb:112:in `call'
  railties (4.1.4) lib/rails/engine.rb:514:in `call'
  railties (4.1.4) lib/rails/application.rb:144:in `call'
  rack (1.5.2) lib/rack/lock.rb:17:in `call'
  rack (1.5.2) lib/rack/content_length.rb:14:in `call'
  rack (1.5.2) lib/rack/handler/webrick.rb:60:in `service'
  /home/alessandrostein/.rvm/rubies/ruby-2.1.2/lib/ruby/2.1.0/webrick/httpserver.rb:138:in `service'
  /home/alessandrostein/.rvm/rubies/ruby-2.1.2/lib/ruby/2.1.0/webrick/httpserver.rb:94:in `run'
  /home/alessandrostein/.rvm/rubies/ruby-2.1.2/lib/ruby/2.1.0/webrick/server.rb:295:in `block in start_thread'


  Rendered /home/alessandrostein/.rvm/gems/ruby-2.1.2/gems/actionpack-4.1.4/lib/action_dispatch/middleware/templates/rescues/_trace.html.erb (1.0ms)
  Rendered /home/alessandrostein/.rvm/gems/ruby-2.1.2/gems/actionpack-4.1.4/lib/action_dispatch/middleware/templates/routes/_table.html.erb (236.3ms)
  Rendered /home/alessandrostein/.rvm/gems/ruby-2.1.2/gems/actionpack-4.1.4/lib/action_dispatch/middleware/templates/rescues/routing_error.html.erb within rescues/layout (333.5ms)


Started GET "/salesforce-integrate/leadscontroller" for 127.0.0.1 at 2014-08-04 09:25:16 -0300

ActionController::RoutingError (No route matches [GET] "/salesforce-integrate/leadscontroller"):
  actionpack (4.1.4) lib/action_dispatch/middleware/debug_exceptions.rb:21:in `call'
  actionpack (4.1.4) lib/action_dispatch/middleware/show_exceptions.rb:30:in `call'
  railties (4.1.4) lib/rails/rack/logger.rb:38:in `call_app'
  railties (4.1.4) lib/rails/rack/logger.rb:20:in `block in call'
  activesupport (4.1.4) lib/active_support/tagged_logging.rb:68:in `block in tagged'
  activesupport (4.1.4) lib/active_support/tagged_logging.rb:26:in `tagged'
  activesupport (4.1.4) lib/active_support/tagged_logging.rb:68:in `tagged'
  railties (4.1.4) lib/rails/rack/logger.rb:20:in `call'
  actionpack (4.1.4) lib/action_dispatch/middleware/request_id.rb:21:in `call'
  rack (1.5.2) lib/rack/methodoverride.rb:21:in `call'
  rack (1.5.2) lib/rack/runtime.rb:17:in `call'
  activesupport (4.1.4) lib/active_support/cache/strategy/local_cache_middleware.rb:26:in `call'
  rack (1.5.2) lib/rack/lock.rb:17:in `call'
  actionpack (4.1.4) lib/action_dispatch/middleware/static.rb:64:in `call'
  rack (1.5.2) lib/rack/sendfile.rb:112:in `call'
  railties (4.1.4) lib/rails/engine.rb:514:in `call'
  railties (4.1.4) lib/rails/application.rb:144:in `call'
  rack (1.5.2) lib/rack/lock.rb:17:in `call'
  rack (1.5.2) lib/rack/content_length.rb:14:in `call'
  rack (1.5.2) lib/rack/handler/webrick.rb:60:in `service'
  /home/alessandrostein/.rvm/rubies/ruby-2.1.2/lib/ruby/2.1.0/webrick/httpserver.rb:138:in `service'
  /home/alessandrostein/.rvm/rubies/ruby-2.1.2/lib/ruby/2.1.0/webrick/httpserver.rb:94:in `run'
  /home/alessandrostein/.rvm/rubies/ruby-2.1.2/lib/ruby/2.1.0/webrick/server.rb:295:in `block in start_thread'


  Rendered /home/alessandrostein/.rvm/gems/ruby-2.1.2/gems/actionpack-4.1.4/lib/action_dispatch/middleware/templates/rescues/_trace.html.erb (1.0ms)
  Rendered /home/alessandrostein/.rvm/gems/ruby-2.1.2/gems/actionpack-4.1.4/lib/action_dispatch/middleware/templates/routes/_table.html.erb (1.0ms)
  Rendered /home/alessandrostein/.rvm/gems/ruby-2.1.2/gems/actionpack-4.1.4/lib/action_dispatch/middleware/templates/rescues/routing_error.html.erb within rescues/layout (9.2ms)


Started GET "/" for 127.0.0.1 at 2014-08-04 09:38:20 -0300
Processing by Rails::WelcomeController#index as HTML
  Rendered /home/alessandrostein/.rvm/gems/ruby-2.1.2/gems/railties-4.1.4/lib/rails/templates/rails/welcome/index.html.erb (1.7ms)
Completed 200 OK in 16ms (Views: 8.2ms)


Started GET "/leads/" for 127.0.0.1 at 2014-08-04 09:38:22 -0300
Processing by LeadsController#index as HTML
  Rendered leads/index.html.erb within layouts/application (0.3ms)
Completed 200 OK in 1209ms (Views: 1208.5ms)


Started GET "/assets/jquery.js?body=1" for 127.0.0.1 at 2014-08-04 09:38:24 -0300


Started GET "/assets/application.css?body=1" for 127.0.0.1 at 2014-08-04 09:38:24 -0300


Started GET "/assets/leads.js?body=1" for 127.0.0.1 at 2014-08-04 09:38:24 -0300


Started GET "/assets/jquery_ujs.js?body=1" for 127.0.0.1 at 2014-08-04 09:38:24 -0300


Started GET "/assets/turbolinks.js?body=1" for 127.0.0.1 at 2014-08-04 09:38:24 -0300


Started GET "/assets/application.js?body=1" for 127.0.0.1 at 2014-08-04 09:38:24 -0300


Started GET "/assets/leads.css?body=1" for 127.0.0.1 at 2014-08-04 09:38:24 -0300
